<?xml version="1.0" encoding="UTF-8"?>
<!-- Generated by org.testng.reporters.JUnitReportReporter -->
<testsuite hostname="Rajeshpc" failures="0" tests="1" name="testCases.TC002_LoginTest" time="2.584" errors="0" timestamp="2025-03-09T11:37:05 IST" skipped="0">
  <testcase classname="testCases.TC002_LoginTest" name="verify_login" time="2.584"/>
</testsuite> <!-- testCases.TC002_LoginTest -->
